[INFO ] 2024-04-07 00:21:08.198 [main] ReportManager - 
[0;7m------------------------------------------------------------------------------------------------------------------------------------------------
                                                    Powered by [1mSHAFT v.7.4.20231026[22m                                                    
------------------------------------------------------------------------------------------------------------------------------------------------
[0m
[INFO ] 2024-04-07 00:21:17.560 [main] ReportManager - Loaded OpenCV "opencv_java470".
[INFO ] 2024-04-07 00:21:17.561 [main] ReportManager - Initializing Allure Reporting Environment...
[INFO ] 2024-04-07 00:21:17.646 [main] ReportManager - Initializing Extent Reporting Environment...
[INFO ] 2024-04-07 00:21:18.113 [main] ReportManager - Initializing Summary Reporting Environment...
[INFO ] 2024-04-07 00:21:18.130 [main] ReportManager - TestNG run detected...
[INFO ] 2024-04-07 00:21:18.329 [main] Utils - [TestNG] Running:
  C:\Users\Torres\AppData\Local\JetBrains\IdeaIC2023.2\temp-testng-customsuite.xml

[INFO ] 2024-04-07 00:21:18.356 [main] ReportManager - 
[0;7m------------------------------------------------------------------------------------------------------------------------------------------------
                                             Starting execution of suite setup configuration method                                             
                                          'com.shaft.listeners.internal.ConfigurationHelper.suiteSetup'                                          
------------------------------------------------------------------------------------------------------------------------------------------------
[0m
[INFO ] 2024-04-07 00:21:18.459 [main] ReportManager - Initializing Important Links...
[INFO ] 2024-04-07 00:21:18.466 [main] ReportManager - Initializing Properties...
[INFO ] 2024-04-07 00:21:18.567 [main] ReportManager - 
[0;7m------------------------------------------------------------------------------------------------------------------------------------------------
                                                Starting execution of set up configuration method                                                
                                                 'testCases.testAuthentication.TestLogin.setUp'                                                 
------------------------------------------------------------------------------------------------------------------------------------------------
[0m
[INFO ] 2024-04-07 00:21:18.589 [main] ReportManager - Setting "targetOperatingSystem" property with "windows".
[INFO ] 2024-04-07 00:21:18.604 [main] ReportManager - Capabilities {acceptInsecureCerts: true, browserName: chrome, goog:chromeOptions: {args: [--start-maximized, --remote-allow-origins=*, --enable-automation, --disable-background-timer-..., --disable-backgrounding-occ..., --disable-features=Calculat..., --disable-hang-monitor, --disable-domain-reliability, --disable-renderer-backgrou..., --disable-features=Autofill..., --metrics-recording-only, --no-first-run, --no-default-browser-check, --silent-debugger-extension..., --disable-extensions, --disable-component-extensi..., --disable-dev-shm-usage, --disable-features=MediaRouter, --disable-features=Translate, --disable-ipc-flooding-prot..., --disable-background-networ..., --mute-audio, --disable-breakpad, --ignore-certificate-errors, --disable-device-discovery-..., --force-color-profile=srgb, --hide-scrollbars, --host-resolver-rules, --no-pings, --disable-features=AvoidUnn..., --disable-features=Certific..., --disable-sync, --disable-features=Optimiza..., --disable-features=DialMedi..., --disable-features=GlobalMe..., --disable-features=Improved..., --disable-features=LazyFram..., --disable-field-trial-config, --enable-features=NetworkSe..., --enable-features=NetworkSe..., --enable-use-zoom-for-dsf, --log-net-log, --net-log-capture-mode, --disable-client-side-phish..., --disable-default-apps, --disable-features=Interest...], extensions: [], prefs: {download.default_directory: C:\Users\Torres\IdeaProject..., download.prompt_for_download: false, profile.default_content_settings.popups: 0}}, pageLoadStrategy: none, timeouts: {pageLoad: 60000, script: 30000}, unhandledPromptBehavior: ignore, webSocketUrl: true}
[INFO ] 2024-04-07 00:21:18.605 [main] ReportManager - Attempting to run locally on: "windows | Chrome".
[INFO ] 2024-04-07 00:21:18.605 [main] ReportManager - Identifying OS/Driver combination. Please note that if a new browser/driver executable will be downloaded it may take some time depending on your connection...
[WARN ] 2024-04-07 00:21:21.948 [main] ReportManager - Apr 07, 2024 12:21:21 AM org.openqa.selenium.devtools.CdpVersionFinder findNearestMatch
[WARN ] 2024-04-07 00:21:21.948 [main] ReportManager - WARNING: Unable to find CDP implementation matching 123
[WARN ] 2024-04-07 00:21:21.949 [main] ReportManager - Apr 07, 2024 12:21:21 AM org.openqa.selenium.chromium.ChromiumDriver lambda$new$5
[WARN ] 2024-04-07 00:21:21.949 [main] ReportManager - WARNING: Unable to find version of CDP to use for 123.0.6312.106. You may need to include a dependency on a specific version of the CDP using something similar to `org.seleniumhq.selenium:selenium-devtools-v86:4.14.1` where the version ("v86") matches the version of the chromium-based browser you're using and the version number of the artifact is the same as Selenium's.
[INFO ] 2024-04-07 00:21:21.955 [main] ReportManager - Successfully Opened: "windows | Chrome".
[INFO ] 2024-04-07 00:21:21.999 [main] ReportManager - Target URL: "https://automationexercise.com/"
[INFO ] 2024-04-07 00:21:22.023 [main] ReportManager - Initial URL: "about:blank"
[INFO ] 2024-04-07 00:21:58.695 [main] ReportManager - Navigate to url "https://automationexercise.com/".
[INFO ] 2024-04-07 00:21:58.704 [main] ReportManager - 
[0;7m------------------------------------------------------------------------------------------------------------------------------------------------
                                             Starting execution of before class configuration method                                             
                                              'testCases.testAuthentication.TestLogin.beforeClass'                                              
------------------------------------------------------------------------------------------------------------------------------------------------
[0m
[INFO ] 2024-04-07 00:21:58.707 [main] ReportManager - File Action "DoesFileExist" successfully performed. With the following test data "File Path: "src/test/resources/testDataFiles/login.json"".
[INFO ] 2024-04-07 00:21:58.707 [main] ReportManager - File Action "DoesFileExist" successfully performed. With the following test data "File Path: "src/test/resources/testDataFiles/login.json"".
[INFO ] 2024-04-07 00:21:58.708 [main] ReportManager - File Action "GetAbsolutePath" successfully performed. With the following test data "Relative Folder Path: "src/test/resources/testDataFiles/login.json"".
[INFO ] 2024-04-07 00:21:58.712 [main] ReportManager - Successfully created attachment 'Test Data - JSON'
[INFO ] 2024-04-07 00:21:58.741 [main] ReportManager - 
[0;7m------------------------------------------------------------------------------------------------------------------------------------------------
                                        Starting Execution: '1 out of 1' test cases in the current suite                                        
                           Test Method: 'testCases.testAuthentication.TestLogin.LoginUserWithCorrectEmailAndPassword'                           
------------------------------------------------------------------------------------------------------------------------------------------------
[0m
[INFO ] 2024-04-07 00:21:58.811 [main] ReportManager - Attempting to getAttribute "hidden" from elementLocator "By.xpath: //img[@alt='Website for automation practice']".
[INFO ] 2024-04-07 00:21:58.920 [main] ReportManager - Get attribute from "Website for automation practice".
[INFO ] 2024-04-07 00:21:58.921 [main] ReportManager - Expected "null", and actual "null"
[INFO ] 2024-04-07 00:22:02.313 [main] ReportManager - Assertion "ValidateElementAttribute" PASSED. Expected "Value Should be 'null' for the 'hidden' attribute, element locator 'By.xpath: //img[@alt='Website for automation practice']'" and Actual "null". Comparison Type "EQUALS". Validation Type "POSITIVE".
[INFO ] 2024-04-07 00:22:02.365 [main] ReportManager - Successfully created attachment 'Screenshot - 1712442120921_LoginUserWithCorrectEmailAndPassword_ValidateElementAttribute_passed'
[INFO ] 2024-04-07 00:22:02.544 [main] ReportManager - Moved the mouse to the middle of the element.
[INFO ] 2024-04-07 00:22:02.580 [main] ReportManager - Click " Signup / Login".
[INFO ] 2024-04-07 00:22:04.018 [main] ReportManager - Attempting to getAttribute "hidden" from elementLocator "By.xpath: //div[@class='login-form']/child::h2".
[INFO ] 2024-04-07 00:22:04.081 [main] ReportManager - Get attribute from "Login to your account".
[INFO ] 2024-04-07 00:22:04.081 [main] ReportManager - Expected "null", and actual "null"
[INFO ] 2024-04-07 00:22:04.472 [main] ReportManager - Assertion "ValidateElementAttribute" PASSED. Expected "Value Should be 'null' for the 'hidden' attribute, element locator 'By.xpath: //div[@class='login-form']/child::h2'" and Actual "null". Comparison Type "EQUALS". Validation Type "POSITIVE".
[INFO ] 2024-04-07 00:22:04.474 [main] ReportManager - Successfully created attachment 'Screenshot - 1712442124388_LoginUserWithCorrectEmailAndPassword_ValidateElementAttribute_passed'
[INFO ] 2024-04-07 00:22:04.537 [main] ReportManager - Get text "Login to your account" from "Login to your account".
[INFO ] 2024-04-07 00:22:04.537 [main] ReportManager - Expected "Login to your account", and actual "Login to your account"
[INFO ] 2024-04-07 00:22:04.811 [main] ReportManager - Assertion "ValidateElementAttribute" PASSED. Expected "Value Should be 'Login to your account' for the 'text' attribute, element locator 'By.xpath: //div[@class='login-form']/child::h2'" and Actual "Login to your account". Comparison Type "EQUALS". Validation Type "POSITIVE".
[INFO ] 2024-04-07 00:22:04.813 [main] ReportManager - Successfully created attachment 'Screenshot - 1712442124739_LoginUserWithCorrectEmailAndPassword_ValidateElementAttribute_passed'
[INFO ] 2024-04-07 00:22:04.816 [main] ReportManager - File Action "DoesFileExist" successfully performed. With the following test data "File Path: "src/test/resources/testDataFiles/login.json"".
[INFO ] 2024-04-07 00:22:04.816 [main] ReportManager - File Action "GetAbsolutePath" successfully performed. With the following test data "Relative Folder Path: "src/test/resources/testDataFiles/login.json"".
[INFO ] 2024-04-07 00:22:06.050 [main] ReportManager - File Action "DoesFileExist" successfully performed. With the following test data "File Path: "src/test/resources/testDataFiles/login.json"".
[INFO ] 2024-04-07 00:22:06.051 [main] ReportManager - File Action "GetAbsolutePath" successfully performed. With the following test data "Relative Folder Path: "src/test/resources/testDataFiles/login.json"".
[INFO ] 2024-04-07 00:22:06.202 [main] ReportManager - Type "AhmedHassanien34@gmail.com" into "Email Address".
[INFO ] 2024-04-07 00:22:06.290 [main] ReportManager - Type "Ahmed123" into "Password".
[INFO ] 2024-04-07 00:22:06.468 [main] ReportManager - Moved the mouse to the middle of the element.
[INFO ] 2024-04-07 00:22:06.501 [main] ReportManager - Click "Login".
[INFO ] 2024-04-07 00:22:06.501 [main] ReportManager - File Action "DoesFileExist" successfully performed. With the following test data "File Path: "src/test/resources/testDataFiles/login.json"".
[INFO ] 2024-04-07 00:22:06.502 [main] ReportManager - File Action "GetAbsolutePath" successfully performed. With the following test data "Relative Folder Path: "src/test/resources/testDataFiles/login.json"".
[INFO ] 2024-04-07 00:22:18.065 [main] ReportManager - Attempting to getAttribute "hidden" from elementLocator "By.xpath: //a[contains( . , ' Logged in as ')]".
[INFO ] 2024-04-07 00:22:18.110 [main] ReportManager - Get attribute from "By.xpath: //a[contains( . , ' Logged in as ')]".
[INFO ] 2024-04-07 00:22:18.110 [main] ReportManager - Expected "null", and actual "null"
[INFO ] 2024-04-07 00:22:20.864 [main] ReportManager - Assertion "ValidateElementAttribute" PASSED. Expected "Value Should be 'null' for the 'hidden' attribute, element locator 'By.xpath: //a[contains( . , ' Logged in as ')]'" and Actual "null". Comparison Type "EQUALS". Validation Type "POSITIVE".
[INFO ] 2024-04-07 00:22:20.884 [main] ReportManager - Successfully created attachment 'Screenshot - 1712442139811_LoginUserWithCorrectEmailAndPassword_ValidateElementAttribute_passed'
[INFO ] 2024-04-07 00:22:20.941 [main] ReportManager - Get text "Logged in as Ahmed" from "By.xpath: //a[contains( . , ' Logged in as ')]".
[INFO ] 2024-04-07 00:22:20.941 [main] ReportManager - Expected "Logged in as Ahmed", and actual "Logged in as Ahmed"
[INFO ] 2024-04-07 00:22:23.498 [main] ReportManager - Assertion "ValidateElementAttribute" PASSED. Expected "Value Should be 'Logged in as Ahmed' for the 'text' attribute, element locator 'By.xpath: //a[contains( . , ' Logged in as ')]'" and Actual "Logged in as Ahmed". Comparison Type "EQUALS". Validation Type "POSITIVE".
[INFO ] 2024-04-07 00:22:23.511 [main] ReportManager - Successfully created attachment 'Screenshot - 1712442142423_LoginUserWithCorrectEmailAndPassword_ValidateElementAttribute_passed'
[INFO ] 2024-04-07 00:22:23.671 [main] ReportManager - Moved the mouse to the middle of the element.
[INFO ] 2024-04-07 00:22:23.709 [main] ReportManager - Click " Logout".
[INFO ] 2024-04-07 00:22:23.716 [main] ReportManager - Successfully created attachment 'SHAFT Engine Logs - Current Method log: LoginUserWithCorrectEmailAndPassword'
[INFO ] 2024-04-07 00:22:23.716 [main] ReportManager - 
[0;7m------------------------------------------------------------------------------------------------------------------------------------------------
                Finished Execution of Test Method: 'testCases.testAuthentication.TestLogin.LoginUserWithCorrectEmailAndPassword'                
                                                              Test Status: 'Passed'                                                              
------------------------------------------------------------------------------------------------------------------------------------------------
[0m
[INFO ] 2024-04-07 00:22:23.797 [main] ReportManager - 
[0;7m------------------------------------------------------------------------------------------------------------------------------------------------
                                              Starting execution of tear down configuration method                                              
                                                'testCases.testAuthentication.TestLogin.tearDown'                                                
------------------------------------------------------------------------------------------------------------------------------------------------
[0m
[INFO ] 2024-04-07 00:22:25.995 [main] ReportManager - Successfully Closed Driver.
[INFO ] 2024-04-07 00:22:26.007 [main] ReportManager - 
[0;7m------------------------------------------------------------------------------------------------------------------------------------------------
                                           Starting execution of engine teardown configuration method                                           
                                        'com.shaft.listeners.internal.ConfigurationHelper.engineTeardown'                                        
------------------------------------------------------------------------------------------------------------------------------------------------
[0m
[INFO ] 2024-04-07 00:22:26.008 [main] ReportManager - Successfully created attachment 'SHAFT Engine Logs - Execution log'
[INFO ] 2024-04-07 00:22:26.008 [main] ReportManager - File Action "DoesFileExist" successfully performed. With the following test data "File Path: "target/logs/log4j.log"".
[INFO ] 2024-04-07 00:22:26.009 [main] ReportManager - File Action "GetAbsolutePath" successfully performed. With the following test data "Relative Folder Path: "target/logs/log4j.log"".
[INFO ] 2024-04-07 00:22:26.010 [main] ReportManager - File Action "ReadFileAsByteArray" successfully performed. With the following test data "File Path: "C:\Users\Torres\IdeaProjects\WorkSpace_Java\AutomationExercise-GUI\target\logs\log4j.log"".
[INFO ] 2024-04-07 00:22:26.010 [main] ReportManager - File Action "DeleteFile" successfully performed. With the following test data "Target File Path: "target/logs/log4j.log", file was not deleted.".
[INFO ] 2024-04-07 00:22:26.011 [main] ReportManager - Successfully created attachment 'SHAFT Engine Logs - Execution log: 20240407-002226'
[DEBUG] 2024-04-07 00:22:26.037 [main] cache - Couldn't find template in cache for "spark/spark.spa.ftl"("en_US", UTF-8, parsed); will try to load it.
[DEBUG] 2024-04-07 00:22:26.038 [main] cache - TemplateLoader.findTemplateSource("spark/spark.spa_en_US.ftl"): Not found
[DEBUG] 2024-04-07 00:22:26.039 [main] cache - TemplateLoader.findTemplateSource("spark/spark.spa_en.ftl"): Not found
[DEBUG] 2024-04-07 00:22:26.040 [main] cache - TemplateLoader.findTemplateSource("spark/spark.spa.ftl"): Found
[DEBUG] 2024-04-07 00:22:26.040 [main] cache - Loading template for "spark/spark.spa.ftl"("en_US", UTF-8, parsed) from "jar:file:/C:/Users/Torres/.m2/repository/com/aventstack/extentreports/5.1.0/extentreports-5.1.0.jar!/com/aventstack/extentreports/templates/spark/spark.spa.ftl"
[DEBUG] 2024-04-07 00:22:26.116 [main] cache - Couldn't find template in cache for "commons/commons-variables.ftl"("en_US", UTF-8, parsed); will try to load it.
[DEBUG] 2024-04-07 00:22:26.116 [main] cache - TemplateLoader.findTemplateSource("commons/commons-variables_en_US.ftl"): Not found
[DEBUG] 2024-04-07 00:22:26.116 [main] cache - TemplateLoader.findTemplateSource("commons/commons-variables_en.ftl"): Not found
[DEBUG] 2024-04-07 00:22:26.116 [main] cache - TemplateLoader.findTemplateSource("commons/commons-variables.ftl"): Found
[DEBUG] 2024-04-07 00:22:26.116 [main] cache - Loading template for "commons/commons-variables.ftl"("en_US", UTF-8, parsed) from "jar:file:/C:/Users/Torres/.m2/repository/com/aventstack/extentreports/5.1.0/extentreports-5.1.0.jar!/com/aventstack/extentreports/templates/commons/commons-variables.ftl"
[DEBUG] 2024-04-07 00:22:26.206 [main] cache - Couldn't find template in cache for "commons/commons-macros.ftl"("en_US", UTF-8, parsed); will try to load it.
[DEBUG] 2024-04-07 00:22:26.206 [main] cache - TemplateLoader.findTemplateSource("commons/commons-macros_en_US.ftl"): Not found
[DEBUG] 2024-04-07 00:22:26.206 [main] cache - TemplateLoader.findTemplateSource("commons/commons-macros_en.ftl"): Not found
[DEBUG] 2024-04-07 00:22:26.207 [main] cache - TemplateLoader.findTemplateSource("commons/commons-macros.ftl"): Found
[DEBUG] 2024-04-07 00:22:26.207 [main] cache - Loading template for "commons/commons-macros.ftl"("en_US", UTF-8, parsed) from "jar:file:/C:/Users/Torres/.m2/repository/com/aventstack/extentreports/5.1.0/extentreports-5.1.0.jar!/com/aventstack/extentreports/templates/commons/commons-macros.ftl"
[DEBUG] 2024-04-07 00:22:26.214 [main] cache - Couldn't find template in cache for "spark/macros/attributes.ftl"("en_US", UTF-8, parsed); will try to load it.
[DEBUG] 2024-04-07 00:22:26.214 [main] cache - TemplateLoader.findTemplateSource("spark/macros/attributes_en_US.ftl"): Not found
[DEBUG] 2024-04-07 00:22:26.215 [main] cache - TemplateLoader.findTemplateSource("spark/macros/attributes_en.ftl"): Not found
[DEBUG] 2024-04-07 00:22:26.215 [main] cache - TemplateLoader.findTemplateSource("spark/macros/attributes.ftl"): Found
[DEBUG] 2024-04-07 00:22:26.215 [main] cache - Loading template for "spark/macros/attributes.ftl"("en_US", UTF-8, parsed) from "jar:file:/C:/Users/Torres/.m2/repository/com/aventstack/extentreports/5.1.0/extentreports-5.1.0.jar!/com/aventstack/extentreports/templates/spark/macros/attributes.ftl"
[DEBUG] 2024-04-07 00:22:26.217 [main] cache - Couldn't find template in cache for "spark/macros/log.ftl"("en_US", UTF-8, parsed); will try to load it.
[DEBUG] 2024-04-07 00:22:26.217 [main] cache - TemplateLoader.findTemplateSource("spark/macros/log_en_US.ftl"): Not found
[DEBUG] 2024-04-07 00:22:26.217 [main] cache - TemplateLoader.findTemplateSource("spark/macros/log_en.ftl"): Not found
[DEBUG] 2024-04-07 00:22:26.217 [main] cache - TemplateLoader.findTemplateSource("spark/macros/log.ftl"): Found
[DEBUG] 2024-04-07 00:22:26.217 [main] cache - Loading template for "spark/macros/log.ftl"("en_US", UTF-8, parsed) from "jar:file:/C:/Users/Torres/.m2/repository/com/aventstack/extentreports/5.1.0/extentreports-5.1.0.jar!/com/aventstack/extentreports/templates/spark/macros/log.ftl"
[DEBUG] 2024-04-07 00:22:26.219 [main] cache - Couldn't find template in cache for "spark/macros/recurse_nodes.ftl"("en_US", UTF-8, parsed); will try to load it.
[DEBUG] 2024-04-07 00:22:26.219 [main] cache - TemplateLoader.findTemplateSource("spark/macros/recurse_nodes_en_US.ftl"): Not found
[DEBUG] 2024-04-07 00:22:26.220 [main] cache - TemplateLoader.findTemplateSource("spark/macros/recurse_nodes_en.ftl"): Not found
[DEBUG] 2024-04-07 00:22:26.220 [main] cache - TemplateLoader.findTemplateSource("spark/macros/recurse_nodes.ftl"): Found
[DEBUG] 2024-04-07 00:22:26.220 [main] cache - Loading template for "spark/macros/recurse_nodes.ftl"("en_US", UTF-8, parsed) from "jar:file:/C:/Users/Torres/.m2/repository/com/aventstack/extentreports/5.1.0/extentreports-5.1.0.jar!/com/aventstack/extentreports/templates/spark/macros/recurse_nodes.ftl"
[DEBUG] 2024-04-07 00:22:26.222 [main] cache - "spark/macros/log.ftl"("en_US", UTF-8, parsed) cached copy not yet stale; using cached.
[DEBUG] 2024-04-07 00:22:26.222 [main] cache - Couldn't find template in cache for "spark/macros/attr-common.ftl"("en_US", UTF-8, parsed); will try to load it.
[DEBUG] 2024-04-07 00:22:26.223 [main] cache - TemplateLoader.findTemplateSource("spark/macros/attr-common_en_US.ftl"): Not found
[DEBUG] 2024-04-07 00:22:26.223 [main] cache - TemplateLoader.findTemplateSource("spark/macros/attr-common_en.ftl"): Not found
[DEBUG] 2024-04-07 00:22:26.223 [main] cache - TemplateLoader.findTemplateSource("spark/macros/attr-common.ftl"): Found
[DEBUG] 2024-04-07 00:22:26.223 [main] cache - Loading template for "spark/macros/attr-common.ftl"("en_US", UTF-8, parsed) from "jar:file:/C:/Users/Torres/.m2/repository/com/aventstack/extentreports/5.1.0/extentreports-5.1.0.jar!/com/aventstack/extentreports/templates/spark/macros/attr-common.ftl"
[DEBUG] 2024-04-07 00:22:26.230 [main] cache - Couldn't find template in cache for "spark/partials/head.ftl"("en_US", UTF-8, parsed); will try to load it.
[DEBUG] 2024-04-07 00:22:26.231 [main] cache - TemplateLoader.findTemplateSource("spark/partials/head_en_US.ftl"): Not found
[DEBUG] 2024-04-07 00:22:26.231 [main] cache - TemplateLoader.findTemplateSource("spark/partials/head_en.ftl"): Not found
[DEBUG] 2024-04-07 00:22:26.231 [main] cache - TemplateLoader.findTemplateSource("spark/partials/head.ftl"): Found
[DEBUG] 2024-04-07 00:22:26.231 [main] cache - Loading template for "spark/partials/head.ftl"("en_US", UTF-8, parsed) from "jar:file:/C:/Users/Torres/.m2/repository/com/aventstack/extentreports/5.1.0/extentreports-5.1.0.jar!/com/aventstack/extentreports/templates/spark/partials/head.ftl"
[DEBUG] 2024-04-07 00:22:26.233 [main] cache - Couldn't find template in cache for "commons/commons-inject-css.ftl"("en_US", UTF-8, parsed); will try to load it.
[DEBUG] 2024-04-07 00:22:26.234 [main] cache - TemplateLoader.findTemplateSource("commons/commons-inject-css_en_US.ftl"): Not found
[DEBUG] 2024-04-07 00:22:26.234 [main] cache - TemplateLoader.findTemplateSource("commons/commons-inject-css_en.ftl"): Not found
[DEBUG] 2024-04-07 00:22:26.234 [main] cache - TemplateLoader.findTemplateSource("commons/commons-inject-css.ftl"): Found
[DEBUG] 2024-04-07 00:22:26.234 [main] cache - Loading template for "commons/commons-inject-css.ftl"("en_US", UTF-8, parsed) from "jar:file:/C:/Users/Torres/.m2/repository/com/aventstack/extentreports/5.1.0/extentreports-5.1.0.jar!/com/aventstack/extentreports/templates/commons/commons-inject-css.ftl"
[DEBUG] 2024-04-07 00:22:26.235 [main] cache - Couldn't find template in cache for "spark/partials/navbar.ftl"("en_US", UTF-8, parsed); will try to load it.
[DEBUG] 2024-04-07 00:22:26.235 [main] cache - TemplateLoader.findTemplateSource("spark/partials/navbar_en_US.ftl"): Not found
[DEBUG] 2024-04-07 00:22:26.235 [main] cache - TemplateLoader.findTemplateSource("spark/partials/navbar_en.ftl"): Not found
[DEBUG] 2024-04-07 00:22:26.236 [main] cache - TemplateLoader.findTemplateSource("spark/partials/navbar.ftl"): Found
[DEBUG] 2024-04-07 00:22:26.236 [main] cache - Loading template for "spark/partials/navbar.ftl"("en_US", UTF-8, parsed) from "jar:file:/C:/Users/Torres/.m2/repository/com/aventstack/extentreports/5.1.0/extentreports-5.1.0.jar!/com/aventstack/extentreports/templates/spark/partials/navbar.ftl"
[DEBUG] 2024-04-07 00:22:26.241 [main] cache - Couldn't find template in cache for "spark/partials/sidenav.ftl"("en_US", UTF-8, parsed); will try to load it.
[DEBUG] 2024-04-07 00:22:26.241 [main] cache - TemplateLoader.findTemplateSource("spark/partials/sidenav_en_US.ftl"): Not found
[DEBUG] 2024-04-07 00:22:26.242 [main] cache - TemplateLoader.findTemplateSource("spark/partials/sidenav_en.ftl"): Not found
[DEBUG] 2024-04-07 00:22:26.242 [main] cache - TemplateLoader.findTemplateSource("spark/partials/sidenav.ftl"): Found
[DEBUG] 2024-04-07 00:22:26.242 [main] cache - Loading template for "spark/partials/sidenav.ftl"("en_US", UTF-8, parsed) from "jar:file:/C:/Users/Torres/.m2/repository/com/aventstack/extentreports/5.1.0/extentreports-5.1.0.jar!/com/aventstack/extentreports/templates/spark/partials/sidenav.ftl"
[DEBUG] 2024-04-07 00:22:26.250 [main] cache - Couldn't find template in cache for "spark/partials/dashboard.ftl"("en_US", UTF-8, parsed); will try to load it.
[DEBUG] 2024-04-07 00:22:26.251 [main] cache - TemplateLoader.findTemplateSource("spark/partials/dashboard_en_US.ftl"): Not found
[DEBUG] 2024-04-07 00:22:26.251 [main] cache - TemplateLoader.findTemplateSource("spark/partials/dashboard_en.ftl"): Not found
[DEBUG] 2024-04-07 00:22:26.251 [main] cache - TemplateLoader.findTemplateSource("spark/partials/dashboard.ftl"): Found
[DEBUG] 2024-04-07 00:22:26.251 [main] cache - Loading template for "spark/partials/dashboard.ftl"("en_US", UTF-8, parsed) from "jar:file:/C:/Users/Torres/.m2/repository/com/aventstack/extentreports/5.1.0/extentreports-5.1.0.jar!/com/aventstack/extentreports/templates/spark/partials/dashboard.ftl"
[DEBUG] 2024-04-07 00:22:26.274 [main] cache - Couldn't find template in cache for "spark/partials/test.ftl"("en_US", UTF-8, parsed); will try to load it.
[DEBUG] 2024-04-07 00:22:26.275 [main] cache - TemplateLoader.findTemplateSource("spark/partials/test_en_US.ftl"): Not found
[DEBUG] 2024-04-07 00:22:26.275 [main] cache - TemplateLoader.findTemplateSource("spark/partials/test_en.ftl"): Not found
[DEBUG] 2024-04-07 00:22:26.276 [main] cache - TemplateLoader.findTemplateSource("spark/partials/test.ftl"): Found
[DEBUG] 2024-04-07 00:22:26.276 [main] cache - Loading template for "spark/partials/test.ftl"("en_US", UTF-8, parsed) from "jar:file:/C:/Users/Torres/.m2/repository/com/aventstack/extentreports/5.1.0/extentreports-5.1.0.jar!/com/aventstack/extentreports/templates/spark/partials/test.ftl"
[DEBUG] 2024-04-07 00:22:26.284 [main] cache - Couldn't find template in cache for "spark/partials/standard-content.ftl"("en_US", UTF-8, parsed); will try to load it.
[DEBUG] 2024-04-07 00:22:26.284 [main] cache - TemplateLoader.findTemplateSource("spark/partials/standard-content_en_US.ftl"): Not found
[DEBUG] 2024-04-07 00:22:26.285 [main] cache - TemplateLoader.findTemplateSource("spark/partials/standard-content_en.ftl"): Not found
[DEBUG] 2024-04-07 00:22:26.285 [main] cache - TemplateLoader.findTemplateSource("spark/partials/standard-content.ftl"): Found
[DEBUG] 2024-04-07 00:22:26.285 [main] cache - Loading template for "spark/partials/standard-content.ftl"("en_US", UTF-8, parsed) from "jar:file:/C:/Users/Torres/.m2/repository/com/aventstack/extentreports/5.1.0/extentreports-5.1.0.jar!/com/aventstack/extentreports/templates/spark/partials/standard-content.ftl"
[DEBUG] 2024-04-07 00:22:26.315 [main] cache - Couldn't find template in cache for "spark/partials/exception.ftl"("en_US", UTF-8, parsed); will try to load it.
[DEBUG] 2024-04-07 00:22:26.315 [main] cache - TemplateLoader.findTemplateSource("spark/partials/exception_en_US.ftl"): Not found
[DEBUG] 2024-04-07 00:22:26.316 [main] cache - TemplateLoader.findTemplateSource("spark/partials/exception_en.ftl"): Not found
[DEBUG] 2024-04-07 00:22:26.316 [main] cache - TemplateLoader.findTemplateSource("spark/partials/exception.ftl"): Found
[DEBUG] 2024-04-07 00:22:26.316 [main] cache - Loading template for "spark/partials/exception.ftl"("en_US", UTF-8, parsed) from "jar:file:/C:/Users/Torres/.m2/repository/com/aventstack/extentreports/5.1.0/extentreports-5.1.0.jar!/com/aventstack/extentreports/templates/spark/partials/exception.ftl"
[DEBUG] 2024-04-07 00:22:26.317 [main] cache - Couldn't find template in cache for "spark/partials/log.ftl"("en_US", UTF-8, parsed); will try to load it.
[DEBUG] 2024-04-07 00:22:26.318 [main] cache - TemplateLoader.findTemplateSource("spark/partials/log_en_US.ftl"): Not found
[DEBUG] 2024-04-07 00:22:26.318 [main] cache - TemplateLoader.findTemplateSource("spark/partials/log_en.ftl"): Not found
[DEBUG] 2024-04-07 00:22:26.318 [main] cache - TemplateLoader.findTemplateSource("spark/partials/log.ftl"): Found
[DEBUG] 2024-04-07 00:22:26.319 [main] cache - Loading template for "spark/partials/log.ftl"("en_US", UTF-8, parsed) from "jar:file:/C:/Users/Torres/.m2/repository/com/aventstack/extentreports/5.1.0/extentreports-5.1.0.jar!/com/aventstack/extentreports/templates/spark/partials/log.ftl"
[DEBUG] 2024-04-07 00:22:26.319 [main] cache - Couldn't find template in cache for "spark/partials/scripts.ftl"("en_US", UTF-8, parsed); will try to load it.
[DEBUG] 2024-04-07 00:22:26.320 [main] cache - TemplateLoader.findTemplateSource("spark/partials/scripts_en_US.ftl"): Not found
[DEBUG] 2024-04-07 00:22:26.320 [main] cache - TemplateLoader.findTemplateSource("spark/partials/scripts_en.ftl"): Not found
[DEBUG] 2024-04-07 00:22:26.321 [main] cache - TemplateLoader.findTemplateSource("spark/partials/scripts.ftl"): Found
[DEBUG] 2024-04-07 00:22:26.321 [main] cache - Loading template for "spark/partials/scripts.ftl"("en_US", UTF-8, parsed) from "jar:file:/C:/Users/Torres/.m2/repository/com/aventstack/extentreports/5.1.0/extentreports-5.1.0.jar!/com/aventstack/extentreports/templates/spark/partials/scripts.ftl"
[DEBUG] 2024-04-07 00:22:26.322 [main] cache - Couldn't find template in cache for "commons/commons-inject-js.ftl"("en_US", UTF-8, parsed); will try to load it.
[DEBUG] 2024-04-07 00:22:26.322 [main] cache - TemplateLoader.findTemplateSource("commons/commons-inject-js_en_US.ftl"): Not found
[DEBUG] 2024-04-07 00:22:26.323 [main] cache - TemplateLoader.findTemplateSource("commons/commons-inject-js_en.ftl"): Not found
[DEBUG] 2024-04-07 00:22:26.323 [main] cache - TemplateLoader.findTemplateSource("commons/commons-inject-js.ftl"): Found
[DEBUG] 2024-04-07 00:22:26.323 [main] cache - Loading template for "commons/commons-inject-js.ftl"("en_US", UTF-8, parsed) from "jar:file:/C:/Users/Torres/.m2/repository/com/aventstack/extentreports/5.1.0/extentreports-5.1.0.jar!/com/aventstack/extentreports/templates/commons/commons-inject-js.ftl"
[INFO ] 2024-04-07 00:22:26.380 [main] ReportManager - File Action "DoesFileExist" successfully performed. With the following test data "File Path: "allure-results/cucumberReport.html"".
[INFO ] 2024-04-07 00:22:26.383 [main] ReportManager - Successfully created attachment 'HTML - Checkpoints Report'
[INFO ] 2024-04-07 00:22:26.384 [main] ReportManager - Driver is already closed.
[INFO ] 2024-04-07 00:22:26.387 [main] ReportManager - ===============================================
[INFO ] 2024-04-07 00:22:26.387 [main] ReportManager - Default Suite
[INFO ] 2024-04-07 00:22:26.387 [main] ReportManager - Total tests run: 1, Passes: 1, Failures: 0, Skips: 0
[INFO ] 2024-04-07 00:22:26.388 [main] ReportManager - ===============================================
[INFO ] 2024-04-07 00:22:26.391 [main] ReportManager - File Action "GetAbsolutePath" successfully performed. With the following test data "Relative File Path: "execution-summary/ExecutionSummaryReport_07-04-2024_00-22-26-0389-AM.html"".
[INFO ] 2024-04-07 00:22:26.393 [main] ReportManager - File Action "WriteToFile" successfully performed. With the following test data "Target File Path: "C:\Users\Torres\IdeaProjects\WorkSpace_Java\AutomationExercise-GUI\execution-summary\ExecutionSummaryReport_07-04-2024_00-22-26-0389-AM.html"".
[INFO ] 2024-04-07 00:22:26.402 [main] ReportManager - Executing: ".\execution-summary/ExecutionSummaryReport_*.html" locally.
[INFO ] 2024-04-07 00:22:26.776 [main] ReportManager - Terminal Action "PerformTerminalCommands" successfully performed. With the following test data "Host Name: "localHost" | Command: ".\execution-summary/ExecutionSummaryReport_*.html" | Exit Status: "0"".
[INFO ] 2024-04-07 00:22:26.776 [main] ReportManager - 
[0;7m------------------------------------------------------------------------------------------------------------------------------------------------
                                                         Test Execution Summary Results                                                         
                                              Total Cases: 1 --> Passed: 1 | Failed: 0 | Skipped: 0                                              
------------------------------------------------------------------------------------------------------------------------------------------------
[0m
[INFO ] 2024-04-07 00:22:26.777 [main] ReportManager - 
[0;7m------------------------------------------------------------------------------------------------------------------------------------------------
                                           This test run was powered by [1mSHAFT v.7.4.20231026[22m                                           
                               SHAFT [1;4mis and will always be 100% FREE[22;24m for commercial and private use                               
                                                   in compliance with the [1mMIT license[22m                                                   
                                   Visit SHAFT's user guide [4mhttps://shafthq.github.io/[24m to learn more                                   
------------------------------------------------------------------------------------------------------------------------------------------------
[0m
